# JRE version: OpenJDK Runtime Environment (11.0.12+7) (build 11.0.12+7-b1504.28-7817840)
# Java VM: OpenJDK 64-Bit Server VM (11.0.12+7-b1504.28-7817840, mixed mode, tiered, compressed oops, g1 gc, windows-amd64)
Heap:
 garbage-first heap   total 280576K, used 160793K [0x0000000080000000, 0x0000000100000000)
  region size 1024K, 20 young (20480K), 6 survivors (6144K)
 Metaspace       used 101350K, capacity 103757K, committed 103936K, reserved 1138688K
  class space    used 13115K, capacity 14063K, committed 14080K, reserved 1048576K
GC Heap History (20 events):
Event: 54.402 GC heap before
{Heap before GC invocations=64 (full 0):
 garbage-first heap   total 146432K, used 118685K [0x0000000080000000, 0x0000000100000000)
  region size 1024K, 28 young (28672K), 4 survivors (4096K)
 Metaspace       used 93881K, capacity 96097K, committed 96256K, reserved 1132544K
  class space    used 12127K, capacity 12979K, committed 13056K, reserved 1048576K
}
Event: 54.429 GC heap after
{Heap after GC invocations=65 (full 0):
 garbage-first heap   total 146432K, used 100224K [0x0000000080000000, 0x0000000100000000)
  region size 1024K, 4 young (4096K), 4 survivors (4096K)
 Metaspace       used 93881K, capacity 96097K, committed 96256K, reserved 1132544K
  class space    used 12127K, capacity 12979K, committed 13056K, reserved 1048576K
}
Event: 54.687 GC heap before
{Heap before GC invocations=65 (full 0):
 garbage-first heap   total 146432K, used 119680K [0x0000000080000000, 0x0000000100000000)
  region size 1024K, 24 young (24576K), 4 survivors (4096K)
 Metaspace       used 93963K, capacity 96233K, committed 96512K, reserved 1132544K
  class space    used 12134K, capacity 12980K, committed 13056K, reserved 1048576K
}
Event: 54.709 GC heap after
{Heap after GC invocations=66 (full 0):
 garbage-first heap   total 176128K, used 106326K [0x0000000080000000, 0x0000000100000000)
  region size 1024K, 3 young (3072K), 3 survivors (3072K)
 Metaspace       used 93963K, capacity 96233K, committed 96512K, reserved 1132544K
  class space    used 12134K, capacity 12980K, committed 13056K, reserved 1048576K
}
Event: 55.111 GC heap before
{Heap before GC invocations=67 (full 0):
 garbage-first heap   total 176128K, used 136022K [0x0000000080000000, 0x0000000100000000)
  region size 1024K, 32 young (32768K), 3 survivors (3072K)
 Metaspace       used 94747K, capacity 97002K, committed 97152K, reserved 1132544K
  class space    used 12238K, capacity 13086K, committed 13184K, reserved 1048576K
}
Event: 55.139 GC heap after
{Heap after GC invocations=68 (full 0):
 garbage-first heap   total 176128K, used 112929K [0x0000000080000000, 0x0000000100000000)
  region size 1024K, 4 young (4096K), 4 survivors (4096K)
 Metaspace       used 94747K, capacity 97002K, committed 97152K, reserved 1132544K
  class space    used 12238K, capacity 13086K, committed 13184K, reserved 1048576K
}
Event: 55.323 GC heap before
{Heap before GC invocations=68 (full 0):
 garbage-first heap   total 176128K, used 139553K [0x0000000080000000, 0x0000000100000000)
  region size 1024K, 30 young (30720K), 4 survivors (4096K)
 Metaspace       used 95462K, capacity 97742K, committed 97920K, reserved 1134592K
  class space    used 12328K, capacity 13182K, committed 13184K, reserved 1048576K
}
Event: 55.345 GC heap after
{Heap after GC invocations=69 (full 0):
 garbage-first heap   total 176128K, used 117760K [0x0000000080000000, 0x0000000100000000)
  region size 1024K, 4 young (4096K), 4 survivors (4096K)
 Metaspace       used 95462K, capacity 97742K, committed 97920K, reserved 1134592K
  class space    used 12328K, capacity 13182K, committed 13184K, reserved 1048576K
}
Event: 56.026 GC heap before
{Heap before GC invocations=70 (full 0):
 garbage-first heap   total 176128K, used 142336K [0x0000000080000000, 0x0000000100000000)
  region size 1024K, 29 young (29696K), 4 survivors (4096K)
 Metaspace       used 96139K, capacity 98331K, committed 98560K, reserved 1134592K
  class space    used 12398K, capacity 13252K, committed 13312K, reserved 1048576K
}
Event: 56.047 GC heap after
{Heap after GC invocations=71 (full 0):
 garbage-first heap   total 176128K, used 122319K [0x0000000080000000, 0x0000000100000000)
  region size 1024K, 4 young (4096K), 4 survivors (4096K)
 Metaspace       used 96139K, capacity 98331K, committed 98560K, reserved 1134592K
  class space    used 12398K, capacity 13252K, committed 13312K, reserved 1048576K
}
Event: 56.183 GC heap before
{Heap before GC invocations=71 (full 0):
 garbage-first heap   total 176128K, used 143823K [0x0000000080000000, 0x0000000100000000)
  region size 1024K, 26 young (26624K), 4 survivors (4096K)
 Metaspace       used 96313K, capacity 98557K, committed 98816K, reserved 1134592K
  class space    used 12418K, capacity 13303K, committed 13312K, reserved 1048576K
}
Event: 56.204 GC heap after
{Heap after GC invocations=72 (full 0):
 garbage-first heap   total 211968K, used 126823K [0x0000000080000000, 0x0000000100000000)
  region size 1024K, 4 young (4096K), 4 survivors (4096K)
 Metaspace       used 96313K, capacity 98557K, committed 98816K, reserved 1134592K
  class space    used 12418K, capacity 13303K, committed 13312K, reserved 1048576K
}
Event: 56.744 GC heap before
{Heap before GC invocations=72 (full 0):
 garbage-first heap   total 211968K, used 159591K [0x0000000080000000, 0x0000000100000000)
  region size 1024K, 36 young (36864K), 4 survivors (4096K)
 Metaspace       used 96875K, capacity 99127K, committed 99200K, reserved 1134592K
  class space    used 12527K, capacity 13406K, committed 13440K, reserved 1048576K
}
Event: 56.776 GC heap after
{Heap after GC invocations=73 (full 0):
 garbage-first heap   total 211968K, used 132505K [0x0000000080000000, 0x0000000100000000)
  region size 1024K, 5 young (5120K), 5 survivors (5120K)
 Metaspace       used 96875K, capacity 99127K, committed 99200K, reserved 1134592K
  class space    used 12527K, capacity 13406K, committed 13440K, reserved 1048576K
}
Event: 57.133 GC heap before
{Heap before GC invocations=74 (full 0):
 garbage-first heap   total 211968K, used 164249K [0x0000000080000000, 0x0000000100000000)
  region size 1024K, 36 young (36864K), 5 survivors (5120K)
 Metaspace       used 97054K, capacity 99329K, committed 99584K, reserved 1134592K
  class space    used 12557K, capacity 13452K, committed 13568K, reserved 1048576K
}
Event: 57.161 GC heap after
{Heap after GC invocations=75 (full 0):
 garbage-first heap   total 211968K, used 138026K [0x0000000080000000, 0x0000000100000000)
  region size 1024K, 5 young (5120K), 5 survivors (5120K)
 Metaspace       used 97054K, capacity 99329K, committed 99584K, reserved 1134592K
  class space    used 12557K, capacity 13452K, committed 13568K, reserved 1048576K
}
Event: 58.529 GC heap before
{Heap before GC invocations=75 (full 0):
 garbage-first heap   total 211968K, used 167722K [0x0000000080000000, 0x0000000100000000)
  region size 1024K, 35 young (35840K), 5 survivors (5120K)
 Metaspace       used 98595K, capacity 100953K, committed 101120K, reserved 1136640K
  class space    used 12807K, capacity 13747K, committed 13824K, reserved 1048576K
}
Event: 58.551 GC heap after
{Heap after GC invocations=76 (full 0):
 garbage-first heap   total 211968K, used 142767K [0x0000000080000000, 0x0000000100000000)
  region size 1024K, 5 young (5120K), 5 survivors (5120K)
 Metaspace       used 98595K, capacity 100953K, committed 101120K, reserved 1136640K
  class space    used 12807K, capacity 13747K, committed 13824K, reserved 1048576K
}
Event: 59.600 GC heap before
{Heap before GC invocations=77 (full 0):
 garbage-first heap   total 211968K, used 171439K [0x0000000080000000, 0x0000000100000000)
  region size 1024K, 34 young (34816K), 5 survivors (5120K)
 Metaspace       used 100244K, capacity 102714K, committed 102912K, reserved 1138688K
  class space    used 13049K, capacity 14024K, committed 14080K, reserved 1048576K
}
Event: 59.622 GC heap after
{Heap after GC invocations=78 (full 0):
 garbage-first heap   total 280576K, used 145627K [0x0000000080000000, 0x0000000100000000)
  region size 1024K, 3 young (3072K), 3 survivors (3072K)
 Metaspace       used 100244K, capacity 102714K, committed 102912K, reserved 1138688K
  class space    used 13049K, capacity 14024K, committed 14080K, reserved 1048576K
}

