# JRE version: OpenJDK Runtime Environment (11.0.12+7) (build 11.0.12+7-b1504.28-7817840)
# Java VM: OpenJDK 64-Bit Server VM (11.0.12+7-b1504.28-7817840, mixed mode, tiered, compressed oops, g1 gc, windows-amd64)
Heap:
 garbage-first heap   total 190464K, used 53504K [0x0000000080000000, 0x0000000100000000)
  region size 1024K, 1 young (1024K), 1 survivors (1024K)
 Metaspace       used 66252K, capacity 67720K, committed 68040K, reserved 1107968K
  class space    used 8398K, capacity 8954K, committed 9036K, reserved 1048576K
GC Heap History (20 events):
Event: 61.435 GC heap after
{Heap after GC invocations=52 (full 0):
 garbage-first heap   total 65536K, used 53489K [0x0000000080000000, 0x0000000100000000)
  region size 1024K, 1 young (1024K), 1 survivors (1024K)
 Metaspace       used 62681K, capacity 64155K, committed 64200K, reserved 1105920K
  class space    used 7935K, capacity 8481K, committed 8524K, reserved 1048576K
}
Event: 61.570 GC heap before
{Heap before GC invocations=53 (full 0):
 garbage-first heap   total 65536K, used 55537K [0x0000000080000000, 0x0000000100000000)
  region size 1024K, 3 young (3072K), 1 survivors (1024K)
 Metaspace       used 62901K, capacity 64379K, committed 64584K, reserved 1105920K
  class space    used 7956K, capacity 8513K, committed 8652K, reserved 1048576K
}
Event: 61.572 GC heap after
{Heap after GC invocations=54 (full 0):
 garbage-first heap   total 65536K, used 53607K [0x0000000080000000, 0x0000000100000000)
  region size 1024K, 1 young (1024K), 1 survivors (1024K)
 Metaspace       used 62901K, capacity 64379K, committed 64584K, reserved 1105920K
  class space    used 7956K, capacity 8513K, committed 8652K, reserved 1048576K
}
Event: 61.696 GC heap before
{Heap before GC invocations=54 (full 0):
 garbage-first heap   total 65536K, used 55655K [0x0000000080000000, 0x0000000100000000)
  region size 1024K, 3 young (3072K), 1 survivors (1024K)
 Metaspace       used 63111K, capacity 64507K, committed 64840K, reserved 1105920K
  class space    used 7984K, capacity 8513K, committed 8652K, reserved 1048576K
}
Event: 61.699 GC heap after
{Heap after GC invocations=55 (full 0):
 garbage-first heap   total 65536K, used 51861K [0x0000000080000000, 0x0000000100000000)
  region size 1024K, 1 young (1024K), 1 survivors (1024K)
 Metaspace       used 63111K, capacity 64507K, committed 64840K, reserved 1105920K
  class space    used 7984K, capacity 8513K, committed 8652K, reserved 1048576K
}
Event: 61.894 GC heap before
{Heap before GC invocations=55 (full 0):
 garbage-first heap   total 65536K, used 53909K [0x0000000080000000, 0x0000000100000000)
  region size 1024K, 3 young (3072K), 1 survivors (1024K)
 Metaspace       used 63326K, capacity 64749K, committed 65096K, reserved 1105920K
  class space    used 8014K, capacity 8548K, committed 8652K, reserved 1048576K
}
Event: 61.897 GC heap after
{Heap after GC invocations=56 (full 0):
 garbage-first heap   total 65536K, used 52085K [0x0000000080000000, 0x0000000100000000)
  region size 1024K, 1 young (1024K), 1 survivors (1024K)
 Metaspace       used 63326K, capacity 64749K, committed 65096K, reserved 1105920K
  class space    used 8014K, capacity 8548K, committed 8652K, reserved 1048576K
}
Event: 61.997 GC heap before
{Heap before GC invocations=56 (full 0):
 garbage-first heap   total 65536K, used 54133K [0x0000000080000000, 0x0000000100000000)
  region size 1024K, 3 young (3072K), 1 survivors (1024K)
 Metaspace       used 63526K, capacity 64973K, committed 65096K, reserved 1105920K
  class space    used 8035K, capacity 8580K, committed 8652K, reserved 1048576K
}
Event: 62.000 GC heap after
{Heap after GC invocations=57 (full 0):
 garbage-first heap   total 65536K, used 52456K [0x0000000080000000, 0x0000000100000000)
  region size 1024K, 1 young (1024K), 1 survivors (1024K)
 Metaspace       used 63526K, capacity 64973K, committed 65096K, reserved 1105920K
  class space    used 8035K, capacity 8580K, committed 8652K, reserved 1048576K
}
Event: 62.063 GC heap before
{Heap before GC invocations=58 (full 0):
 garbage-first heap   total 65536K, used 54504K [0x0000000080000000, 0x0000000100000000)
  region size 1024K, 3 young (3072K), 1 survivors (1024K)
 Metaspace       used 63727K, capacity 65261K, committed 65352K, reserved 1105920K
  class space    used 8060K, capacity 8612K, committed 8652K, reserved 1048576K
}
Event: 62.066 GC heap after
{Heap after GC invocations=59 (full 0):
 garbage-first heap   total 65536K, used 52497K [0x0000000080000000, 0x0000000100000000)
  region size 1024K, 1 young (1024K), 1 survivors (1024K)
 Metaspace       used 63727K, capacity 65261K, committed 65352K, reserved 1105920K
  class space    used 8060K, capacity 8612K, committed 8652K, reserved 1048576K
}
Event: 62.098 GC heap before
{Heap before GC invocations=59 (full 0):
 garbage-first heap   total 65536K, used 54545K [0x0000000080000000, 0x0000000100000000)
  region size 1024K, 3 young (3072K), 1 survivors (1024K)
 Metaspace       used 63885K, capacity 65329K, committed 65608K, reserved 1105920K
  class space    used 8081K, capacity 8613K, committed 8652K, reserved 1048576K
}
Event: 62.186 GC heap after
{Heap after GC invocations=60 (full 0):
 garbage-first heap   total 78848K, used 51974K [0x0000000080000000, 0x0000000100000000)
  region size 1024K, 1 young (1024K), 1 survivors (1024K)
 Metaspace       used 63885K, capacity 65329K, committed 65608K, reserved 1105920K
  class space    used 8081K, capacity 8613K, committed 8652K, reserved 1048576K
}
Event: 62.308 GC heap before
{Heap before GC invocations=60 (full 0):
 garbage-first heap   total 78848K, used 60166K [0x0000000080000000, 0x0000000100000000)
  region size 1024K, 9 young (9216K), 1 survivors (1024K)
 Metaspace       used 64362K, capacity 65789K, committed 65992K, reserved 1105920K
  class space    used 8132K, capacity 8680K, committed 8780K, reserved 1048576K
}
Event: 62.311 GC heap after
{Heap after GC invocations=61 (full 0):
 garbage-first heap   total 78848K, used 52416K [0x0000000080000000, 0x0000000100000000)
  region size 1024K, 1 young (1024K), 1 survivors (1024K)
 Metaspace       used 64362K, capacity 65789K, committed 65992K, reserved 1105920K
  class space    used 8132K, capacity 8680K, committed 8780K, reserved 1048576K
}
Event: 62.660 GC heap before
{Heap before GC invocations=62 (full 0):
 garbage-first heap   total 78848K, used 60608K [0x0000000080000000, 0x0000000100000000)
  region size 1024K, 9 young (9216K), 1 survivors (1024K)
 Metaspace       used 65075K, capacity 66584K, committed 66760K, reserved 1107968K
  class space    used 8216K, capacity 8753K, committed 8780K, reserved 1048576K
}
Event: 62.664 GC heap after
{Heap after GC invocations=63 (full 0):
 garbage-first heap   total 78848K, used 53032K [0x0000000080000000, 0x0000000100000000)
  region size 1024K, 2 young (2048K), 2 survivors (2048K)
 Metaspace       used 65075K, capacity 66584K, committed 66760K, reserved 1107968K
  class space    used 8216K, capacity 8753K, committed 8780K, reserved 1048576K
}
Event: 62.873 GC heap before
{Heap before GC invocations=63 (full 0):
 garbage-first heap   total 78848K, used 58152K [0x0000000080000000, 0x0000000100000000)
  region size 1024K, 9 young (9216K), 2 survivors (2048K)
 Metaspace       used 65598K, capacity 67083K, committed 67144K, reserved 1107968K
  class space    used 8303K, capacity 8853K, committed 8908K, reserved 1048576K
}
Event: 62.877 GC heap after
{Heap after GC invocations=64 (full 0):
 garbage-first heap   total 78848K, used 53601K [0x0000000080000000, 0x0000000100000000)
  region size 1024K, 2 young (2048K), 2 survivors (2048K)
 Metaspace       used 65598K, capacity 67083K, committed 67144K, reserved 1107968K
  class space    used 8303K, capacity 8853K, committed 8908K, reserved 1048576K
}
Event: 63.134 GC heap before
{Heap before GC invocations=65 (full 0):
 garbage-first heap   total 78848K, used 62817K [0x0000000080000000, 0x0000000100000000)
  region size 1024K, 10 young (10240K), 2 survivors (2048K)
 Metaspace       used 66252K, capacity 67720K, committed 68040K, reserved 1107968K
  class space    used 8398K, capacity 8954K, committed 9036K, reserved 1048576K
}

