# JRE version: OpenJDK Runtime Environment (11.0.12+7) (build 11.0.12+7-b1504.28-7817840)
# Java VM: OpenJDK 64-Bit Server VM (11.0.12+7-b1504.28-7817840, mixed mode, tiered, compressed oops, g1 gc, windows-amd64)
Heap:
 garbage-first heap   total 226304K, used 124928K [0x0000000080000000, 0x0000000100000000)
  region size 1024K, 3 young (3072K), 3 survivors (3072K)
 Metaspace       used 129167K, capacity 132263K, committed 133120K, reserved 1165312K
  class space    used 15899K, capacity 17044K, committed 17408K, reserved 1048576K
GC Heap History (20 events):
Event: 3011.219 GC heap before
{Heap before GC invocations=113 (full 0):
 garbage-first heap   total 169984K, used 94138K [0x0000000080000000, 0x0000000100000000)
  region size 1024K, 8 young (8192K), 1 survivors (1024K)
 Metaspace       used 128574K, capacity 131619K, committed 132480K, reserved 1165312K
  class space    used 15843K, capacity 16988K, committed 17280K, reserved 1048576K
}
Event: 3011.234 GC heap after
{Heap after GC invocations=114 (full 0):
 garbage-first heap   total 169984K, used 86188K [0x0000000080000000, 0x0000000100000000)
  region size 1024K, 1 young (1024K), 1 survivors (1024K)
 Metaspace       used 128574K, capacity 131619K, committed 132480K, reserved 1165312K
  class space    used 15843K, capacity 16988K, committed 17280K, reserved 1048576K
}
Event: 3012.126 GC heap before
{Heap before GC invocations=114 (full 0):
 garbage-first heap   total 169984K, used 122028K [0x0000000080000000, 0x0000000100000000)
  region size 1024K, 36 young (36864K), 1 survivors (1024K)
 Metaspace       used 128583K, capacity 131683K, committed 132480K, reserved 1165312K
  class space    used 15843K, capacity 16988K, committed 17280K, reserved 1048576K
}
Event: 3012.131 GC heap after
{Heap after GC invocations=115 (full 0):
 garbage-first heap   total 169984K, used 86092K [0x0000000080000000, 0x0000000100000000)
  region size 1024K, 1 young (1024K), 1 survivors (1024K)
 Metaspace       used 128583K, capacity 131683K, committed 132480K, reserved 1165312K
  class space    used 15843K, capacity 16988K, committed 17280K, reserved 1048576K
}
Event: 3013.543 GC heap before
{Heap before GC invocations=116 (full 0):
 garbage-first heap   total 169984K, used 125004K [0x0000000080000000, 0x0000000100000000)
  region size 1024K, 39 young (39936K), 1 survivors (1024K)
 Metaspace       used 128548K, capacity 131618K, committed 132480K, reserved 1165312K
  class space    used 15831K, capacity 16964K, committed 17280K, reserved 1048576K
}
Event: 3013.546 GC heap after
{Heap after GC invocations=117 (full 0):
 garbage-first heap   total 169984K, used 86093K [0x0000000080000000, 0x0000000100000000)
  region size 1024K, 1 young (1024K), 1 survivors (1024K)
 Metaspace       used 128548K, capacity 131618K, committed 132480K, reserved 1165312K
  class space    used 15831K, capacity 16964K, committed 17280K, reserved 1048576K
}
Event: 3013.827 GC heap before
{Heap before GC invocations=117 (full 0):
 garbage-first heap   total 169984K, used 93261K [0x0000000080000000, 0x0000000100000000)
  region size 1024K, 8 young (8192K), 1 survivors (1024K)
 Metaspace       used 128607K, capacity 131675K, committed 132480K, reserved 1165312K
  class space    used 15844K, capacity 16983K, committed 17280K, reserved 1048576K
}
Event: 3013.839 GC heap after
{Heap after GC invocations=118 (full 0):
 garbage-first heap   total 169984K, used 84217K [0x0000000080000000, 0x0000000100000000)
  region size 1024K, 1 young (1024K), 1 survivors (1024K)
 Metaspace       used 128607K, capacity 131675K, committed 132480K, reserved 1165312K
  class space    used 15844K, capacity 16983K, committed 17280K, reserved 1048576K
}
Event: 3014.838 GC heap before
{Heap before GC invocations=118 (full 0):
 garbage-first heap   total 169984K, used 127225K [0x0000000080000000, 0x0000000100000000)
  region size 1024K, 43 young (44032K), 1 survivors (1024K)
 Metaspace       used 128608K, capacity 131675K, committed 132480K, reserved 1165312K
  class space    used 15844K, capacity 16983K, committed 17280K, reserved 1048576K
}
Event: 3014.844 GC heap after
{Heap after GC invocations=119 (full 0):
 garbage-first heap   total 169984K, used 84247K [0x0000000080000000, 0x0000000100000000)
  region size 1024K, 1 young (1024K), 1 survivors (1024K)
 Metaspace       used 128608K, capacity 131675K, committed 132480K, reserved 1165312K
  class space    used 15844K, capacity 16983K, committed 17280K, reserved 1048576K
}
Event: 3015.952 GC heap before
{Heap before GC invocations=120 (full 0):
 garbage-first heap   total 169984K, used 136471K [0x0000000080000000, 0x0000000100000000)
  region size 1024K, 45 young (46080K), 1 survivors (1024K)
 Metaspace       used 128635K, capacity 131687K, committed 132480K, reserved 1165312K
  class space    used 15846K, capacity 16986K, committed 17280K, reserved 1048576K
}
Event: 3015.960 GC heap after
{Heap after GC invocations=121 (full 0):
 garbage-first heap   total 169984K, used 87961K [0x0000000080000000, 0x0000000100000000)
  region size 1024K, 2 young (2048K), 2 survivors (2048K)
 Metaspace       used 128635K, capacity 131687K, committed 132480K, reserved 1165312K
  class space    used 15846K, capacity 16986K, committed 17280K, reserved 1048576K
}
Event: 3015.974 GC heap before
{Heap before GC invocations=121 (full 0):
 garbage-first heap   total 169984K, used 94105K [0x0000000080000000, 0x0000000100000000)
  region size 1024K, 8 young (8192K), 2 survivors (2048K)
 Metaspace       used 128636K, capacity 131689K, committed 132480K, reserved 1165312K
  class space    used 15846K, capacity 16987K, committed 17280K, reserved 1048576K
}
Event: 3015.985 GC heap after
{Heap after GC invocations=122 (full 0):
 garbage-first heap   total 169984K, used 88497K [0x0000000080000000, 0x0000000100000000)
  region size 1024K, 1 young (1024K), 1 survivors (1024K)
 Metaspace       used 128636K, capacity 131689K, committed 132480K, reserved 1165312K
  class space    used 15846K, capacity 16987K, committed 17280K, reserved 1048576K
}
Event: 3016.604 GC heap before
{Heap before GC invocations=122 (full 0):
 garbage-first heap   total 169984K, used 132529K [0x0000000080000000, 0x0000000100000000)
  region size 1024K, 45 young (46080K), 1 survivors (1024K)
 Metaspace       used 128730K, capacity 131831K, committed 132736K, reserved 1165312K
  class space    used 15853K, capacity 16990K, committed 17280K, reserved 1048576K
}
Event: 3016.625 GC heap after
{Heap after GC invocations=123 (full 0):
 garbage-first heap   total 169984K, used 100868K [0x0000000080000000, 0x0000000100000000)
  region size 1024K, 6 young (6144K), 6 survivors (6144K)
 Metaspace       used 128730K, capacity 131831K, committed 132736K, reserved 1165312K
  class space    used 15853K, capacity 16990K, committed 17280K, reserved 1048576K
}
Event: 3017.141 GC heap before
{Heap before GC invocations=124 (full 0):
 garbage-first heap   total 169984K, used 133636K [0x0000000080000000, 0x0000000100000000)
  region size 1024K, 39 young (39936K), 6 survivors (6144K)
 Metaspace       used 128870K, capacity 131962K, committed 132864K, reserved 1165312K
  class space    used 15867K, capacity 17031K, committed 17408K, reserved 1048576K
}
Event: 3017.163 GC heap after
{Heap after GC invocations=125 (full 0):
 garbage-first heap   total 169984K, used 108017K [0x0000000080000000, 0x0000000100000000)
  region size 1024K, 5 young (5120K), 5 survivors (5120K)
 Metaspace       used 128870K, capacity 131962K, committed 132864K, reserved 1165312K
  class space    used 15867K, capacity 17031K, committed 17408K, reserved 1048576K
}
Event: 3017.308 GC heap before
{Heap before GC invocations=125 (full 0):
 garbage-first heap   total 169984K, used 134641K [0x0000000080000000, 0x0000000100000000)
  region size 1024K, 32 young (32768K), 5 survivors (5120K)
 Metaspace       used 128905K, capacity 132034K, committed 132864K, reserved 1165312K
  class space    used 15868K, capacity 17033K, committed 17408K, reserved 1048576K
}
Event: 3017.339 GC heap after
{Heap after GC invocations=126 (full 0):
 garbage-first heap   total 169984K, used 114688K [0x0000000080000000, 0x0000000100000000)
  region size 1024K, 4 young (4096K), 4 survivors (4096K)
 Metaspace       used 128905K, capacity 132034K, committed 132864K, reserved 1165312K
  class space    used 15868K, capacity 17033K, committed 17408K, reserved 1048576K
}

