# JRE version: OpenJDK Runtime Environment (11.0.12+7) (build 11.0.12+7-b1504.28-7817840)
# Java VM: OpenJDK 64-Bit Server VM (11.0.12+7-b1504.28-7817840, mixed mode, tiered, compressed oops, g1 gc, windows-amd64)
Heap:
 garbage-first heap   total 374784K, used 120832K [0x0000000080000000, 0x0000000100000000)
  region size 1024K, 4 young (4096K), 4 survivors (4096K)
 Metaspace       used 94936K, capacity 97204K, committed 97408K, reserved 1134592K
  class space    used 12269K, capacity 13110K, committed 13184K, reserved 1048576K
GC Heap History (20 events):
Event: 53.860 GC heap after
{Heap after GC invocations=70 (full 0):
 garbage-first heap   total 116736K, used 92597K [0x0000000080000000, 0x0000000100000000)
  region size 1024K, 2 young (2048K), 2 survivors (2048K)
 Metaspace       used 91370K, capacity 93501K, committed 93824K, reserved 1130496K
  class space    used 11812K, capacity 12602K, committed 12672K, reserved 1048576K
}
Event: 54.056 GC heap before
{Heap before GC invocations=70 (full 0):
 garbage-first heap   total 116736K, used 97717K [0x0000000080000000, 0x0000000100000000)
  region size 1024K, 8 young (8192K), 2 survivors (2048K)
 Metaspace       used 92256K, capacity 94483K, committed 94848K, reserved 1130496K
  class space    used 11958K, capacity 12812K, committed 12928K, reserved 1048576K
}
Event: 54.061 GC heap after
{Heap after GC invocations=71 (full 0):
 garbage-first heap   total 116736K, used 92538K [0x0000000080000000, 0x0000000100000000)
  region size 1024K, 1 young (1024K), 1 survivors (1024K)
 Metaspace       used 92256K, capacity 94483K, committed 94848K, reserved 1130496K
  class space    used 11958K, capacity 12812K, committed 12928K, reserved 1048576K
}
Event: 54.320 GC heap before
{Heap before GC invocations=71 (full 0):
 garbage-first heap   total 116736K, used 98682K [0x0000000080000000, 0x0000000100000000)
  region size 1024K, 7 young (7168K), 1 survivors (1024K)
 Metaspace       used 93035K, capacity 95278K, committed 95616K, reserved 1132544K
  class space    used 12039K, capacity 12884K, committed 12928K, reserved 1048576K
}
Event: 54.325 GC heap after
{Heap after GC invocations=72 (full 0):
 garbage-first heap   total 116736K, used 93182K [0x0000000080000000, 0x0000000100000000)
  region size 1024K, 1 young (1024K), 1 survivors (1024K)
 Metaspace       used 93035K, capacity 95278K, committed 95616K, reserved 1132544K
  class space    used 12039K, capacity 12884K, committed 12928K, reserved 1048576K
}
Event: 54.406 GC heap before
{Heap before GC invocations=73 (full 0):
 garbage-first heap   total 116736K, used 99326K [0x0000000080000000, 0x0000000100000000)
  region size 1024K, 7 young (7168K), 1 survivors (1024K)
 Metaspace       used 93183K, capacity 95411K, committed 95616K, reserved 1132544K
  class space    used 12044K, capacity 12885K, committed 12928K, reserved 1048576K
}
Event: 54.466 GC heap after
{Heap after GC invocations=74 (full 0):
 garbage-first heap   total 116736K, used 94572K [0x0000000080000000, 0x0000000100000000)
  region size 1024K, 1 young (1024K), 1 survivors (1024K)
 Metaspace       used 93183K, capacity 95411K, committed 95616K, reserved 1132544K
  class space    used 12044K, capacity 12885K, committed 12928K, reserved 1048576K
}
Event: 54.546 GC heap before
{Heap before GC invocations=74 (full 0):
 garbage-first heap   total 116736K, used 99692K [0x0000000080000000, 0x0000000100000000)
  region size 1024K, 6 young (6144K), 1 survivors (1024K)
 Metaspace       used 93184K, capacity 95411K, committed 95616K, reserved 1132544K
  class space    used 12044K, capacity 12885K, committed 12928K, reserved 1048576K
}
Event: 54.553 GC heap after
{Heap after GC invocations=75 (full 0):
 garbage-first heap   total 116736K, used 96056K [0x0000000080000000, 0x0000000100000000)
  region size 1024K, 1 young (1024K), 1 survivors (1024K)
 Metaspace       used 93184K, capacity 95411K, committed 95616K, reserved 1132544K
  class space    used 12044K, capacity 12885K, committed 12928K, reserved 1048576K
}
Event: 54.585 GC heap before
{Heap before GC invocations=75 (full 0):
 garbage-first heap   total 116736K, used 100152K [0x0000000080000000, 0x0000000100000000)
  region size 1024K, 5 young (5120K), 1 survivors (1024K)
 Metaspace       used 93203K, capacity 95475K, committed 95616K, reserved 1132544K
  class space    used 12045K, capacity 12885K, committed 12928K, reserved 1048576K
}
Event: 54.591 GC heap after
{Heap after GC invocations=76 (full 0):
 garbage-first heap   total 116736K, used 97280K [0x0000000080000000, 0x0000000100000000)
  region size 1024K, 1 young (1024K), 1 survivors (1024K)
 Metaspace       used 93203K, capacity 95475K, committed 95616K, reserved 1132544K
  class space    used 12045K, capacity 12885K, committed 12928K, reserved 1048576K
}
Event: 54.661 GC heap before
{Heap before GC invocations=76 (full 0):
 garbage-first heap   total 116736K, used 101376K [0x0000000080000000, 0x0000000100000000)
  region size 1024K, 5 young (5120K), 1 survivors (1024K)
 Metaspace       used 93556K, capacity 95770K, committed 96000K, reserved 1132544K
  class space    used 12083K, capacity 12917K, committed 13056K, reserved 1048576K
}
Event: 54.669 GC heap after
{Heap after GC invocations=77 (full 0):
 garbage-first heap   total 187392K, used 98159K [0x0000000080000000, 0x0000000100000000)
  region size 1024K, 1 young (1024K), 1 survivors (1024K)
 Metaspace       used 93556K, capacity 95770K, committed 96000K, reserved 1132544K
  class space    used 12083K, capacity 12917K, committed 13056K, reserved 1048576K
}
Event: 54.932 GC heap before
{Heap before GC invocations=77 (full 0):
 garbage-first heap   total 187392K, used 122735K [0x0000000080000000, 0x0000000100000000)
  region size 1024K, 26 young (26624K), 1 survivors (1024K)
 Metaspace       used 93715K, capacity 95878K, committed 96256K, reserved 1132544K
  class space    used 12087K, capacity 12902K, committed 13056K, reserved 1048576K
}
Event: 54.950 GC heap after
{Heap after GC invocations=78 (full 0):
 garbage-first heap   total 187392K, used 104498K [0x0000000080000000, 0x0000000100000000)
  region size 1024K, 4 young (4096K), 4 survivors (4096K)
 Metaspace       used 93715K, capacity 95878K, committed 96256K, reserved 1132544K
  class space    used 12087K, capacity 12902K, committed 13056K, reserved 1048576K
}
Event: 55.711 GC heap before
{Heap before GC invocations=79 (full 0):
 garbage-first heap   total 187392K, used 130098K [0x0000000080000000, 0x0000000100000000)
  region size 1024K, 29 young (29696K), 4 survivors (4096K)
 Metaspace       used 93940K, capacity 96117K, committed 96512K, reserved 1132544K
  class space    used 12129K, capacity 12942K, committed 13056K, reserved 1048576K
}
Event: 55.736 GC heap after
{Heap after GC invocations=80 (full 0):
 garbage-first heap   total 187392K, used 111403K [0x0000000080000000, 0x0000000100000000)
  region size 1024K, 4 young (4096K), 4 survivors (4096K)
 Metaspace       used 93940K, capacity 96117K, committed 96512K, reserved 1132544K
  class space    used 12129K, capacity 12942K, committed 13056K, reserved 1048576K
}
Event: 56.114 GC heap before
{Heap before GC invocations=80 (full 0):
 garbage-first heap   total 187392K, used 135979K [0x0000000080000000, 0x0000000100000000)
  region size 1024K, 28 young (28672K), 4 survivors (4096K)
 Metaspace       used 94794K, capacity 97071K, committed 97152K, reserved 1132544K
  class space    used 12250K, capacity 13110K, committed 13184K, reserved 1048576K
}
Event: 56.135 GC heap after
{Heap after GC invocations=81 (full 0):
 garbage-first heap   total 187392K, used 116241K [0x0000000080000000, 0x0000000100000000)
  region size 1024K, 4 young (4096K), 4 survivors (4096K)
 Metaspace       used 94794K, capacity 97071K, committed 97152K, reserved 1132544K
  class space    used 12250K, capacity 13110K, committed 13184K, reserved 1048576K
}
Event: 56.275 GC heap before
{Heap before GC invocations=81 (full 0):
 garbage-first heap   total 187392K, used 140817K [0x0000000080000000, 0x0000000100000000)
  region size 1024K, 28 young (28672K), 4 survivors (4096K)
 Metaspace       used 94936K, capacity 97204K, committed 97408K, reserved 1134592K
  class space    used 12269K, capacity 13110K, committed 13184K, reserved 1048576K
}

